android_ros_sensors/android_tutorial_teleop/build/outputs/logs/manifest-merger-debug-report.txt
-- Merging decision tree log ---
manifest
ADDED from android_ros_sensors/android_tutorial_teleop/AndroidManifest.xml:2:1-30:12
INJECTED from android_ros_sensors/android_tutorial_teleop/AndroidManifest.xml:2:1-30:12
INJECTED from android_ros_sensors/android_tutorial_teleop/AndroidManifest.xml:2:1-30:12
INJECTED from android_ros_sensors/android_tutorial_teleop/AndroidManifest.xml:2:1-30:12
MERGED from [:android_core_components] AndroidManifest.xml:2:1-38:12
MERGED from [com.android.support:appcompat-v7:28.0.0] AndroidManifest.xml:17:1-22:12
MERGED from [com.android.support:support-v4:28.0.0] AndroidManifest.xml:17:1-22:12
MERGED from [com.android.support:support-fragment:28.0.0] AndroidManifest.xml:17:1-22:12
MERGED from [com.android.support:animated-vector-drawable:28.0.0] AndroidManifest.xml:17:1-22:12
MERGED from [com.android.support:support-core-ui:28.0.0] AndroidManifest.xml:17:1-22:12
MERGED from [com.android.support:support-core-utils:28.0.0] AndroidManifest.xml:17:1-22:12
MERGED from [com.android.support:support-vector-drawable:28.0.0] AndroidManifest.xml:17:1-22:12
MERGED from [com.android.support:support-media-compat:28.0.0] AndroidManifest.xml:17:1-22:12
MERGED from [com.android.support:loader:28.0.0] AndroidManifest.xml:17:1-22:12
MERGED from [com.android.support:viewpager:28.0.0] AndroidManifest.xml:17:1-22:12
MERGED from [com.android.support:coordinatorlayout:28.0.0] AndroidManifest.xml:17:1-22:12
MERGED from [com.android.support:drawerlayout:28.0.0] AndroidManifest.xml:17:1-22:12
MERGED from [com.android.support:slidingpanelayout:28.0.0] AndroidManifest.xml:17:1-22:12
MERGED from [com.android.support:customview:28.0.0] AndroidManifest.xml:17:1-22:12
MERGED from [com.android.support:swiperefreshlayout:28.0.0] AndroidManifest.xml:17:1-22:12
MERGED from [com.android.support:asynclayoutinflater:28.0.0] AndroidManifest.xml:17:1-22:12
MERGED from [com.android.support:support-compat:28.0.0] AndroidManifest.xml:17:1-24:12
MERGED from [com.android.support:versionedparcelable:28.0.0] AndroidManifest.xml:17:1-25:12
MERGED from [com.android.support:cursoradapter:28.0.0] AndroidManifest.xml:17:1-22:12
MERGED from [android.arch.lifecycle:runtime:1.1.1] AndroidManifest.xml:17:1-22:12
MERGED from [com.android.support:documentfile:28.0.0] AndroidManifest.xml:17:1-22:12
MERGED from [com.android.support:localbroadcastmanager:28.0.0] AndroidManifest.xml:17:1-22:12
MERGED from [com.android.support:print:28.0.0] AndroidManifest.xml:17:1-22:12
MERGED from [android.arch.lifecycle:viewmodel:1.1.1] AndroidManifest.xml:17:1-22:12
MERGED from [com.android.support:interpolator:28.0.0] AndroidManifest.xml:17:1-22:12
MERGED from [android.arch.lifecycle:livedata:1.1.1] AndroidManifest.xml:17:1-22:12
MERGED from [android.arch.lifecycle:livedata-core:1.1.1] AndroidManifest.xml:17:1-22:12
MERGED from [android.arch.core:runtime:1.1.1] AndroidManifest.xml:17:1-22:12
INJECTED from android_ros_sensors/android_tutorial_teleop/AndroidManifest.xml:2:1-30:12
INJECTED from android_ros_sensors/android_tutorial_teleop/AndroidManifest.xml:2:1-30:12
INJECTED from android_ros_sensors/android_tutorial_teleop/AndroidManifest.xml:2:1-30:12
	package
		ADDED from android_ros_sensors/android_tutorial_teleop/AndroidManifest.xml:2:70-119
		INJECTED from android_ros_sensors/android_tutorial_teleop/AndroidManifest.xml
		INJECTED from android_ros_sensors/android_tutorial_teleop/AndroidManifest.xml
	android:versionName
		INJECTED from android_ros_sensors/android_tutorial_teleop/AndroidManifest.xml
		ADDED from android_ros_sensors/android_tutorial_teleop/AndroidManifest.xml:2:1-30:12
		INJECTED from android_ros_sensors/android_tutorial_teleop/AndroidManifest.xml
	android:versionCode
		INJECTED from android_ros_sensors/android_tutorial_teleop/AndroidManifest.xml
		ADDED from android_ros_sensors/android_tutorial_teleop/AndroidManifest.xml:2:1-30:12
		INJECTED from android_ros_sensors/android_tutorial_teleop/AndroidManifest.xml
	xmlns:android
		ADDED from android_ros_sensors/android_tutorial_teleop/AndroidManifest.xml:2:11-69
uses-permission#android.permission.INTERNET
ADDED from android_ros_sensors/android_tutorial_teleop/AndroidManifest.xml:4:5-67
	android:name
		ADDED from android_ros_sensors/android_tutorial_teleop/AndroidManifest.xml:4:22-64
uses-permission#android.permission.WAKE_LOCK
ADDED from android_ros_sensors/android_tutorial_teleop/AndroidManifest.xml:5:5-68
MERGED from [:android_core_components] AndroidManifest.xml:14:5-68
MERGED from [:android_core_components] AndroidManifest.xml:14:5-68
	android:name
		ADDED from android_ros_sensors/android_tutorial_teleop/AndroidManifest.xml:5:22-65
application
ADDED from android_ros_sensors/android_tutorial_teleop/AndroidManifest.xml:7:5-28:19
MERGED from [:android_core_components] AndroidManifest.xml:20:5-36:19
MERGED from [:android_core_components] AndroidManifest.xml:20:5-36:19
MERGED from [com.android.support:support-compat:28.0.0] AndroidManifest.xml:22:5-94
MERGED from [com.android.support:support-compat:28.0.0] AndroidManifest.xml:22:5-94
MERGED from [com.android.support:versionedparcelable:28.0.0] AndroidManifest.xml:22:5-23:19
MERGED from [com.android.support:versionedparcelable:28.0.0] AndroidManifest.xml:22:5-23:19
	android:appComponentFactory
		ADDED from [com.android.support:support-compat:28.0.0] AndroidManifest.xml:22:18-91
	android:label
		ADDED from android_ros_sensors/android_tutorial_teleop/AndroidManifest.xml:9:9-41
	android:icon
		ADDED from android_ros_sensors/android_tutorial_teleop/AndroidManifest.xml:8:9-36
	android:allowBackup
		ADDED from android_ros_sensors/android_tutorial_teleop/AndroidManifest.xml:10:9-35
activity#org.ros.android.android_tutorial_teleop.MainActivity
ADDED from android_ros_sensors/android_tutorial_teleop/AndroidManifest.xml:11:9-20:20
	android:screenOrientation
		ADDED from android_ros_sensors/android_tutorial_teleop/AndroidManifest.xml:14:13-50
	android:label
		ADDED from android_ros_sensors/android_tutorial_teleop/AndroidManifest.xml:13:13-45
	android:name
		ADDED from android_ros_sensors/android_tutorial_teleop/AndroidManifest.xml:12:13-80
intent-filter#action:name:android.intent.action.MAIN+category:name:android.intent.category.LAUNCHER
ADDED from android_ros_sensors/android_tutorial_teleop/AndroidManifest.xml:15:13-19:29
action#android.intent.action.MAIN
ADDED from android_ros_sensors/android_tutorial_teleop/AndroidManifest.xml:16:17-69
	android:name
		ADDED from android_ros_sensors/android_tutorial_teleop/AndroidManifest.xml:16:25-66
category#android.intent.category.LAUNCHER
ADDED from android_ros_sensors/android_tutorial_teleop/AndroidManifest.xml:18:17-77
	android:name
		ADDED from android_ros_sensors/android_tutorial_teleop/AndroidManifest.xml:18:27-74
activity#org.ros.android.MasterChooser
ADDED from android_ros_sensors/android_tutorial_teleop/AndroidManifest.xml:21:9-66
MERGED from [:android_core_components] AndroidManifest.xml:23:9-27:54
MERGED from [:android_core_components] AndroidManifest.xml:23:9-27:54
	android:label
		ADDED from [:android_core_components] AndroidManifest.xml:25:13-45
	android:launchMode
		ADDED from [:android_core_components] AndroidManifest.xml:26:13-42
	android:theme
		ADDED from [:android_core_components] AndroidManifest.xml:27:13-51
	android:name
		ADDED from android_ros_sensors/android_tutorial_teleop/AndroidManifest.xml:21:19-63
service#org.ros.android.NodeMainExecutorService
ADDED from android_ros_sensors/android_tutorial_teleop/AndroidManifest.xml:23:9-27:19
MERGED from [:android_core_components] AndroidManifest.xml:29:9-35:19
MERGED from [:android_core_components] AndroidManifest.xml:29:9-35:19
	tools:ignore
		ADDED from [:android_core_components] AndroidManifest.xml:31:13-43
	android:name
		ADDED from android_ros_sensors/android_tutorial_teleop/AndroidManifest.xml:23:18-72
intent-filter#action:name:org.ros.android.NodeMainExecutorService
ADDED from android_ros_sensors/android_tutorial_teleop/AndroidManifest.xml:24:13-26:29
action#org.ros.android.NodeMainExecutorService
ADDED from android_ros_sensors/android_tutorial_teleop/AndroidManifest.xml:25:17-82
	android:name
		ADDED from android_ros_sensors/android_tutorial_teleop/AndroidManifest.xml:25:25-79
uses-sdk
INJECTED from android_ros_sensors/android_tutorial_teleop/AndroidManifest.xml reason: use-sdk injection requested
INJECTED from android_ros_sensors/android_tutorial_teleop/AndroidManifest.xml
INJECTED from android_ros_sensors/android_tutorial_teleop/AndroidManifest.xml
MERGED from [:android_core_components] AndroidManifest.xml:8:5-10:41
MERGED from [:android_core_components] AndroidManifest.xml:8:5-10:41
MERGED from [com.android.support:appcompat-v7:28.0.0] AndroidManifest.xml:20:5-44
MERGED from [com.android.support:appcompat-v7:28.0.0] AndroidManifest.xml:20:5-44
MERGED from [com.android.support:support-v4:28.0.0] AndroidManifest.xml:20:5-44
MERGED from [com.android.support:support-v4:28.0.0] AndroidManifest.xml:20:5-44
MERGED from [com.android.support:support-fragment:28.0.0] AndroidManifest.xml:20:5-44
MERGED from [com.android.support:support-fragment:28.0.0] AndroidManifest.xml:20:5-44
MERGED from [com.android.support:animated-vector-drawable:28.0.0] AndroidManifest.xml:20:5-44
MERGED from [com.android.support:animated-vector-drawable:28.0.0] AndroidManifest.xml:20:5-44
MERGED from [com.android.support:support-core-ui:28.0.0] AndroidManifest.xml:20:5-44
MERGED from [com.android.support:support-core-ui:28.0.0] AndroidManifest.xml:20:5-44
MERGED from [com.android.support:support-core-utils:28.0.0] AndroidManifest.xml:20:5-44
MERGED from [com.android.support:support-core-utils:28.0.0] AndroidManifest.xml:20:5-44
MERGED from [com.android.support:support-vector-drawable:28.0.0] AndroidManifest.xml:20:5-44
MERGED from [com.android.support:support-vector-drawable:28.0.0] AndroidManifest.xml:20:5-44
MERGED from [com.android.support:support-media-compat:28.0.0] AndroidManifest.xml:20:5-44
MERGED from [com.android.support:support-media-compat:28.0.0] AndroidManifest.xml:20:5-44
MERGED from [com.android.support:loader:28.0.0] AndroidManifest.xml:20:5-44
MERGED from [com.android.support:loader:28.0.0] AndroidManifest.xml:20:5-44
MERGED from [com.android.support:viewpager:28.0.0] AndroidManifest.xml:20:5-44
MERGED from [com.android.support:viewpager:28.0.0] AndroidManifest.xml:20:5-44
MERGED from [com.android.support:coordinatorlayout:28.0.0] AndroidManifest.xml:20:5-44
MERGED from [com.android.support:coordinatorlayout:28.0.0] AndroidManifest.xml:20:5-44
MERGED from [com.android.support:drawerlayout:28.0.0] AndroidManifest.xml:20:5-44
MERGED from [com.android.support:drawerlayout:28.0.0] AndroidManifest.xml:20:5-44
MERGED from [com.android.support:slidingpanelayout:28.0.0] AndroidManifest.xml:20:5-44
MERGED from [com.android.support:slidingpanelayout:28.0.0] AndroidManifest.xml:20:5-44
MERGED from [com.android.support:customview:28.0.0] AndroidManifest.xml:20:5-44
MERGED from [com.android.support:customview:28.0.0] AndroidManifest.xml:20:5-44
MERGED from [com.android.support:swiperefreshlayout:28.0.0] AndroidManifest.xml:20:5-44
MERGED from [com.android.support:swiperefreshlayout:28.0.0] AndroidManifest.xml:20:5-44
MERGED from [com.android.support:asynclayoutinflater:28.0.0] AndroidManifest.xml:20:5-44
MERGED from [com.android.support:asynclayoutinflater:28.0.0] AndroidManifest.xml:20:5-44
MERGED from [com.android.support:support-compat:28.0.0] AndroidManifest.xml:20:5-44
MERGED from [com.android.support:support-compat:28.0.0] AndroidManifest.xml:20:5-44
MERGED from [com.android.support:versionedparcelable:28.0.0] AndroidManifest.xml:20:5-44
MERGED from [com.android.support:versionedparcelable:28.0.0] AndroidManifest.xml:20:5-44
MERGED from [com.android.support:cursoradapter:28.0.0] AndroidManifest.xml:20:5-44
MERGED from [com.android.support:cursoradapter:28.0.0] AndroidManifest.xml:20:5-44
MERGED from [android.arch.lifecycle:runtime:1.1.1] AndroidManifest.xml:20:5-44
MERGED from [android.arch.lifecycle:runtime:1.1.1] AndroidManifest.xml:20:5-44
MERGED from [com.android.support:documentfile:28.0.0] AndroidManifest.xml:20:5-44
MERGED from [com.android.support:documentfile:28.0.0] AndroidManifest.xml:20:5-44
MERGED from [com.android.support:localbroadcastmanager:28.0.0] AndroidManifest.xml:20:5-44
MERGED from [com.android.support:localbroadcastmanager:28.0.0] AndroidManifest.xml:20:5-44
MERGED from [com.android.support:print:28.0.0] AndroidManifest.xml:20:5-44
MERGED from [com.android.support:print:28.0.0] AndroidManifest.xml:20:5-44
MERGED from [android.arch.lifecycle:viewmodel:1.1.1] AndroidManifest.xml:20:5-44
MERGED from [android.arch.lifecycle:viewmodel:1.1.1] AndroidManifest.xml:20:5-44
MERGED from [com.android.support:interpolator:28.0.0] AndroidManifest.xml:20:5-44
MERGED from [com.android.support:interpolator:28.0.0] AndroidManifest.xml:20:5-44
MERGED from [android.arch.lifecycle:livedata:1.1.1] AndroidManifest.xml:20:5-44
MERGED from [android.arch.lifecycle:livedata:1.1.1] AndroidManifest.xml:20:5-44
MERGED from [android.arch.lifecycle:livedata-core:1.1.1] AndroidManifest.xml:20:5-44
MERGED from [android.arch.lifecycle:livedata-core:1.1.1] AndroidManifest.xml:20:5-44
MERGED from [android.arch.core:runtime:1.1.1] AndroidManifest.xml:20:5-44
MERGED from [android.arch.core:runtime:1.1.1] AndroidManifest.xml:20:5-44
INJECTED from android_ros_sensors/android_tutorial_teleop/AndroidManifest.xml
INJECTED from android_ros_sensors/android_tutorial_teleop/AndroidManifest.xml
	android:targetSdkVersion
		INJECTED from android_ros_sensors/android_tutorial_teleop/AndroidManifest.xml
		ADDED from android_ros_sensors/android_tutorial_teleop/AndroidManifest.xml
		INJECTED from android_ros_sensors/android_tutorial_teleop/AndroidManifest.xml
	android:minSdkVersion
		INJECTED from android_ros_sensors/android_tutorial_teleop/AndroidManifest.xml
		ADDED from android_ros_sensors/android_tutorial_teleop/AndroidManifest.xml
		INJECTED from android_ros_sensors/android_tutorial_teleop/AndroidManifest.xml
uses-permission#android.permission.ACCESS_WIFI_STATE
ADDED from [:android_core_components] AndroidManifest.xml:12:5-76
	android:name
		ADDED from [:android_core_components] AndroidManifest.xml:12:22-73
uses-permission#android.permission.CHANGE_WIFI_STATE
ADDED from [:android_core_components] AndroidManifest.xml:13:5-76
	android:name
		ADDED from [:android_core_components] AndroidManifest.xml:13:22-73
uses-permission#android.permission.SYSTEM_ALERT_WINDOW
ADDED from [:android_core_components] AndroidManifest.xml:15:5-78
	android:name
		ADDED from [:android_core_components] AndroidManifest.xml:15:22-75
uses-permission#android.permission.FOREGROUND_SERVICE
ADDED from [:android_core_components] AndroidManifest.xml:16:5-77
	android:name
		ADDED from [:android_core_components] AndroidManifest.xml:16:22-74
uses-permission#android.permission.WRITE_EXTERNAL_STORAGE
ADDED from [:android_core_components] AndroidManifest.xml:17:5-81
	android:name
		ADDED from [:android_core_components] AndroidManifest.xml:17:22-78
uses-permission#android.permission.READ_EXTERNAL_STORAGE
ADDED from [:android_core_components] AndroidManifest.xml:18:5-80
	android:name
		ADDED from [:android_core_components] AndroidManifest.xml:18:22-77